<?xml version="1.0" encoding="UTF-8"?>
<!-- Generated by org.testng.reporters.JUnitXMLReporter -->
<testsuite hostname="DESKTOP-P20C76C" tests="2" failures="1" timestamp="3 Apr 2020 07:02:06 GMT" time="102.884" errors="0">
  <testcase name="test1" time="0.076" classname="LoginTest">
    <failure type="java.lang.AssertionError" message="Title not matching expected [CRMPRO  - CRM software for customer relationship management, sales, and support.] but found [CRMPRO - CRM software for customer relationship management, sales, and support.]">
      <![CDATA[java.lang.AssertionError: Title not matching expected [CRMPRO  - CRM software for customer relationship management, sales, and support.] but found [CRMPRO - CRM software for customer relationship management, sales, and support.]
	at LoginTest.test1(LoginTest.java:33)
... Removed 30 stack frames]]>
    </failure>
  </testcase> <!-- test1 -->
  <testcase name="test2" time="0.254" classname="LoginTest"/>
</testsuite>
